<?xml version="1.0" encoding="UTF-8"?>
<!-- Generated by org.testng.reporters.JUnitReportReporter -->
<testsuite skipped="0" hostname="DESKTOP-OCVTTU6" name="main.execute" tests="1" failures="0" timestamp="15 ene 2020 17:24:34 GMT" time="19.758" errors="0">
  <testcase name="adads" time="19.758" classname="main.execute"/>
</testsuite> <!-- main.execute -->
